5512 2016-01-19 22:25:01 DEBUG /home/jmartinmachado/Codigo/Pruebas/WSSimple/config/operaciones/
5513 2016-01-19 22:26:14 DEBUG /home/jmartinmachado/Codigo/Pruebas/WSSimple/operaciones
5517 2016-01-19 22:26:51 DEBUG /home/jmartinmachado/Codigo/Pruebas/WSSimple/operaciones/
5509 2016-01-19 22:29:33 DEBUG /home/jmartinmachado/Codigo/Pruebas/WSSimple/operaciones//autenticacion/autenticacion
11810 2016-01-19 22:29:46 DEBUG /home/jmartinmachado/Codigo/Pruebas/WSSimple/operaciones/autenticacion/autenticacion
5510 2016-01-19 22:30:11 DEBUG /home/jmartinmachado/Codigo/Pruebas/WSSimple/operaciones/autenticacion/autenticacion
5510 2016-01-19 22:30:12 DEBUG /home/jmartinmachado/Codigo/Pruebas/WSSimple/operaciones/autenticacion/autenticacion
5511 2016-01-19 22:30:32 DEBUG /home/jmartinmachado/Codigo/Pruebas/WSSimple/operaciones/Autenticacion/Autenticacion
5512 2016-01-19 22:30:50 DEBUG /home/jmartinmachado/Codigo/Pruebas/WSSimple/operaciones/Autenticacion/Autenticacion.php
5513 2016-01-19 22:31:45 DEBUG /home/jmartinmachado/Codigo/Pruebas/WSSimple/operaciones/Autenticacion/Autenticacion.php
5513 2016-01-19 22:31:46 DEBUG /home/jmartinmachado/Codigo/Pruebas/WSSimple/operaciones/Autenticacion/Autenticacion.php
5517 2016-01-19 22:35:37 DEBUG Holas
5509 2016-01-19 22:38:05 DEBUG asdasdads
5510 2016-01-19 22:39:39 DEBUG asdasdads
5511 2016-01-19 23:04:02 DEBUG asdasdads
5513 2016-01-19 23:06:35 DEBUG asdasdads
5517 2016-01-19 23:07:19 DEBUG asdasdads
5509 2016-01-19 23:34:23 INFO  object(stdClass)#28 (3) {
  ["servicio"]=>
  string(13) "Autenticacion"
  ["operacion"]=>
  string(5) "login"
  ["param"]=>
  object(stdClass)#42 (2) {
    ["usuario"]=>
    string(11) "pepeasdasda"
    ["pass"]=>
    string(7) "pepe123"
  }
}

5509 2016-01-19 23:34:23 INFO  {"fecha":"2016-01-19 23-34-23","mensaje":"La operaci\u00f3n se realiz\u00f3 correctamente","resultado":{"usuario":"pepeasdasda","pass":"pepe123"}}
11810 2016-01-19 23:35:09 INFO  {
  "servicio": "Autenticacion",
  "operacion": "login",
  "param": {
    "usuario": "pepeasdasda",
    "pass": "pepe123"
  }
}
11810 2016-01-19 23:35:09 INFO  {"fecha":"2016-01-19 23-35-09","mensaje":"La operaci\u00f3n se realiz\u00f3 correctamente","resultado":{"usuario":"pepeasdasda","pass":"pepe123"}}
5510 2016-01-19 23:37:28 INFO  {
  "servicio": "Autenticacion",
  "operacion": "login",
  "param": {
    "usuario": "pepeasdasda",
    "pass": "pepe123"
  }
}
5510 2016-01-19 23:37:28 INFO  {"fecha":"2016-01-19 23-37-28","mensaje":"La operaci\u00f3n se realiz\u00f3 correctamente","resultado":{"usuario":"pepeasdasda","pass":"pepe123"}}
